0 info it worked if it ends with ok
1 verbose cli [ 'node', '/usr/local/bin/npm', 'install', '-g', 'requirejs' ]
2 info using npm@1.4.28
3 info using node@v0.10.32
4 verbose cache add [ 'requirejs', null ]
5 verbose cache add name=undefined spec="requirejs" args=["requirejs",null]
6 verbose parsed url { protocol: null,
6 verbose parsed url   slashes: null,
6 verbose parsed url   auth: null,
6 verbose parsed url   host: null,
6 verbose parsed url   port: null,
6 verbose parsed url   hostname: null,
6 verbose parsed url   hash: null,
6 verbose parsed url   search: null,
6 verbose parsed url   query: null,
6 verbose parsed url   pathname: 'requirejs',
6 verbose parsed url   path: 'requirejs',
6 verbose parsed url   href: 'requirejs' }
7 silly lockFile f2b16c35-requirejs requirejs
8 verbose lock requirejs /Users/jglueck/.npm/f2b16c35-requirejs.lock
9 silly lockFile f2b16c35-requirejs requirejs
10 silly lockFile f2b16c35-requirejs requirejs
11 verbose addNamed [ 'requirejs', '' ]
12 verbose addNamed [ null, '*' ]
13 silly lockFile e9b02655-requirejs requirejs@
14 verbose lock requirejs@ /Users/jglueck/.npm/e9b02655-requirejs.lock
15 silly addNameRange { name: 'requirejs', range: '*', hasData: false }
16 verbose request where is /requirejs
17 verbose request registry https://registry.npmjs.org/
18 verbose request id 462c14f8b620fdb7
19 verbose url raw /requirejs
20 verbose url resolving [ 'https://registry.npmjs.org/', './requirejs' ]
21 verbose url resolved https://registry.npmjs.org/requirejs
22 verbose request where is https://registry.npmjs.org/requirejs
23 info trying registry request attempt 1 at 18:17:18
24 http GET https://registry.npmjs.org/requirejs
25 http 200 https://registry.npmjs.org/requirejs
26 silly registry.get cb [ 200,
26 silly registry.get   { date: 'Fri, 31 Oct 2014 18:16:59 GMT',
26 silly registry.get     server: 'CouchDB/1.5.0 (Erlang OTP/R16B03)',
26 silly registry.get     etag: '"6OJU17D9DF2VZ3YZRYD4YD4B5"',
26 silly registry.get     'content-type': 'application/json',
26 silly registry.get     'cache-control': 'max-age=60',
26 silly registry.get     'content-length': '35836',
26 silly registry.get     'accept-ranges': 'bytes',
26 silly registry.get     via: '1.1 varnish',
26 silly registry.get     age: '37',
26 silly registry.get     'x-served-by': 'cache-fra1235-FRA',
26 silly registry.get     'x-cache': 'HIT',
26 silly registry.get     'x-cache-hits': '1',
26 silly registry.get     'x-timer': 'S1414779419.742460,VS0,VE0',
26 silly registry.get     vary: 'Accept',
26 silly registry.get     'keep-alive': 'timeout=10, max=50',
26 silly registry.get     connection: 'Keep-Alive' } ]
27 silly addNameRange number 2 { name: 'requirejs', range: '*', hasData: true }
28 silly addNameRange versions [ 'requirejs',
28 silly addNameRange   [ '0.26.0',
28 silly addNameRange     '0.27.0',
28 silly addNameRange     '0.27.1',
28 silly addNameRange     '1.0.0',
28 silly addNameRange     '1.0.1',
28 silly addNameRange     '1.0.2',
28 silly addNameRange     '1.0.3',
28 silly addNameRange     '1.0.4',
28 silly addNameRange     '1.0.5',
28 silly addNameRange     '1.0.6',
28 silly addNameRange     '1.0.7',
28 silly addNameRange     '1.0.8',
28 silly addNameRange     '2.0.0',
28 silly addNameRange     '2.0.1',
28 silly addNameRange     '2.0.2',
28 silly addNameRange     '2.0.3',
28 silly addNameRange     '2.0.4',
28 silly addNameRange     '2.0.5',
28 silly addNameRange     '2.0.6',
28 silly addNameRange     '2.1.0',
28 silly addNameRange     '2.1.1',
28 silly addNameRange     '2.1.2',
28 silly addNameRange     '2.1.3',
28 silly addNameRange     '2.1.4',
28 silly addNameRange     '2.1.5',
28 silly addNameRange     '2.1.6',
28 silly addNameRange     '2.1.7',
28 silly addNameRange     '2.1.8',
28 silly addNameRange     '2.1.9',
28 silly addNameRange     '2.1.10',
28 silly addNameRange     '2.1.11',
28 silly addNameRange     '2.1.12',
28 silly addNameRange     '2.1.13',
28 silly addNameRange     '2.1.14',
28 silly addNameRange     '2.1.15' ] ]
29 verbose addNamed [ 'requirejs', '2.1.15' ]
30 verbose addNamed [ '2.1.15', '2.1.15' ]
31 silly lockFile 87818c58-requirejs-2-1-15 requirejs@2.1.15
32 verbose lock requirejs@2.1.15 /Users/jglueck/.npm/87818c58-requirejs-2-1-15.lock
33 silly lockFile 71b1f59b-g-requirejs-requirejs-2-1-15-tgz https://registry.npmjs.org/requirejs/-/requirejs-2.1.15.tgz
34 verbose lock https://registry.npmjs.org/requirejs/-/requirejs-2.1.15.tgz /Users/jglueck/.npm/71b1f59b-g-requirejs-requirejs-2-1-15-tgz.lock
35 verbose addRemoteTarball [ 'https://registry.npmjs.org/requirejs/-/requirejs-2.1.15.tgz',
35 verbose addRemoteTarball   'cbcfce55d584ae5983c00a20daa8eade37d18892' ]
36 info retry fetch attempt 1 at 18:17:18
37 verbose fetch to= /var/folders/zz/10bltqh117qb71t7fypswnm40000gp/T/npm-31170-QZzRErTK/registry.npmjs.org/requirejs/-/requirejs-2.1.15.tgz
38 http GET https://registry.npmjs.org/requirejs/-/requirejs-2.1.15.tgz
39 http 200 https://registry.npmjs.org/requirejs/-/requirejs-2.1.15.tgz
40 silly lockFile 71b1f59b-g-requirejs-requirejs-2-1-15-tgz https://registry.npmjs.org/requirejs/-/requirejs-2.1.15.tgz
41 silly lockFile 71b1f59b-g-requirejs-requirejs-2-1-15-tgz https://registry.npmjs.org/requirejs/-/requirejs-2.1.15.tgz
42 silly lockFile 87818c58-requirejs-2-1-15 requirejs@2.1.15
43 silly lockFile 87818c58-requirejs-2-1-15 requirejs@2.1.15
44 silly lockFile e9b02655-requirejs requirejs@
45 silly lockFile e9b02655-requirejs requirejs@
46 silly resolved [ { name: 'requirejs',
46 silly resolved     description: 'Node adapter for RequireJS, for loading AMD modules. Includes RequireJS optimizer',
46 silly resolved     version: '2.1.15',
46 silly resolved     homepage: 'http://github.com/jrburke/r.js',
46 silly resolved     author:
46 silly resolved      { name: 'James Burke',
46 silly resolved        email: 'jrburke@gmail.com',
46 silly resolved        url: 'http://github.com/jrburke' },
46 silly resolved     licenses: [ [Object], [Object] ],
46 silly resolved     repository: { type: 'git', url: 'https://github.com/jrburke/r.js.git' },
46 silly resolved     main: './bin/r.js',
46 silly resolved     bin: { 'r.js': './bin/r.js' },
46 silly resolved     engines: { node: '>=0.4.0' },
46 silly resolved     bugs: { url: 'https://github.com/jrburke/r.js/issues' },
46 silly resolved     _id: 'requirejs@2.1.15',
46 silly resolved     scripts: {},
46 silly resolved     _shasum: 'cbcfce55d584ae5983c00a20daa8eade37d18892',
46 silly resolved     _from: 'requirejs@',
46 silly resolved     _npmVersion: '1.4.14',
46 silly resolved     _npmUser: { name: 'jrburke', email: 'jrburke@gmail.com' },
46 silly resolved     maintainers: [ [Object] ],
46 silly resolved     dist:
46 silly resolved      { shasum: 'cbcfce55d584ae5983c00a20daa8eade37d18892',
46 silly resolved        tarball: 'http://registry.npmjs.org/requirejs/-/requirejs-2.1.15.tgz' },
46 silly resolved     directories: {},
46 silly resolved     _resolved: 'https://registry.npmjs.org/requirejs/-/requirejs-2.1.15.tgz' } ]
47 info install requirejs@2.1.15 into /usr/local/lib
48 info installOne requirejs@2.1.15
49 verbose lib/node_modules/requirejs unbuild
50 verbose tar unpack /Users/jglueck/.npm/requirejs/2.1.15/package.tgz
51 silly lockFile 1e7b7797-local-lib-node-modules-requirejs tar:///usr/local/lib/node_modules/requirejs
52 verbose lock tar:///usr/local/lib/node_modules/requirejs /Users/jglueck/.npm/1e7b7797-local-lib-node-modules-requirejs.lock
53 silly lockFile 7874ec53-npm-requirejs-2-1-15-package-tgz tar:///Users/jglueck/.npm/requirejs/2.1.15/package.tgz
54 verbose lock tar:///Users/jglueck/.npm/requirejs/2.1.15/package.tgz /Users/jglueck/.npm/7874ec53-npm-requirejs-2-1-15-package-tgz.lock
55 silly gunzTarPerm modes [ '777', '666' ]
56 error Error: EACCES, mkdir '/usr/local/lib/node_modules/requirejs'
56 error  { [Error: EACCES, mkdir '/usr/local/lib/node_modules/requirejs']
56 error   errno: 3,
56 error   code: 'EACCES',
56 error   path: '/usr/local/lib/node_modules/requirejs',
56 error   fstream_type: 'Directory',
56 error   fstream_path: '/usr/local/lib/node_modules/requirejs',
56 error   fstream_class: 'DirWriter',
56 error   fstream_stack:
56 error    [ '/usr/local/lib/node_modules/npm/node_modules/fstream/lib/dir-writer.js:36:23',
56 error      '/usr/local/lib/node_modules/npm/node_modules/mkdirp/index.js:46:53',
56 error      'Object.oncomplete (fs.js:107:15)' ] }
57 error Please try running this command again as root/Administrator.
58 error System Darwin 13.4.0
59 error command "node" "/usr/local/bin/npm" "install" "-g" "requirejs"
60 error cwd /Users/jglueck/Documents/Projects/ios-app/ios-live/mobile-apps-article-templates
61 error node -v v0.10.32
62 error npm -v 1.4.28
63 error path /usr/local/lib/node_modules/requirejs
64 error fstream_path /usr/local/lib/node_modules/requirejs
65 error fstream_type Directory
66 error fstream_class DirWriter
67 error code EACCES
68 error errno 3
69 error stack Error: EACCES, mkdir '/usr/local/lib/node_modules/requirejs'
70 error fstream_stack /usr/local/lib/node_modules/npm/node_modules/fstream/lib/dir-writer.js:36:23
70 error fstream_stack /usr/local/lib/node_modules/npm/node_modules/mkdirp/index.js:46:53
70 error fstream_stack Object.oncomplete (fs.js:107:15)
71 verbose exit [ 3, true ]
